<?xml version="1.0" encoding="UTF-8"?>
<!-- Generated by org.testng.reporters.JUnitXMLReporter -->
<testsuite ignored="0" hostname="SumathiLaptop" failures="2" tests="13" name="Default test" time="6.539" errors="0" timestamp="2025-08-02T21:41:43 CDT">
  <testcase classname="io.cucumber.testng.AbstractTestNGCucumberTests" name="runScenario" time="2.321"/>
  <testcase classname="io.cucumber.testng.AbstractTestNGCucumberTests" name="runScenario" time="0.398"/>
  <testcase classname="io.cucumber.testng.AbstractTestNGCucumberTests" name="runScenario" time="0.336"/>
  <testcase classname="io.cucumber.testng.AbstractTestNGCucumberTests" name="runScenario" time="0.282"/>
  <testcase classname="io.cucumber.testng.AbstractTestNGCucumberTests" name="runScenario" time="0.286"/>
  <testcase classname="io.cucumber.testng.AbstractTestNGCucumberTests" name="runScenario" time="0.382"/>
  <testcase classname="io.cucumber.testng.AbstractTestNGCucumberTests" name="runScenario" time="0.372"/>
  <testcase classname="io.cucumber.testng.AbstractTestNGCucumberTests" name="runScenario" time="0.287"/>
  <testcase classname="io.cucumber.testng.AbstractTestNGCucumberTests" name="runScenario" time="0.283"/>
  <testcase classname="io.cucumber.testng.AbstractTestNGCucumberTests" name="runScenario" time="0.272"/>
  <testcase classname="io.cucumber.testng.AbstractTestNGCucumberTests" name="runScenario" time="0.017">
    <failure type="java.lang.RuntimeException" message="Token not set from login. Make sure login scenario runs before this.">
      <![CDATA[java.lang.RuntimeException: Token not set from login. Make sure login scenario runs before this.
at stepDefinitions.DieticianStepDef.set_admin_bearer_token(DieticianStepDef.java:30)
at ✽.Set admin bearer token(file:///C:/Users/rakhy/eclipse-workspace-new/Team2_DietNinjas_RestAssured/src/test/resources/features/02POST_createDietician.feature:5)
]]>
    </failure>
  </testcase> <!-- runScenario -->
  <testcase classname="io.cucumber.testng.AbstractTestNGCucumberTests" name="runScenario" time="0.297">
    <failure type="java.lang.AssertionError" message="Status code mismatch expected [200] but found [401]">
      <![CDATA[java.lang.AssertionError: Status code mismatch expected [200] but found [401]
at org.testng.Assert.fail(Assert.java:111)
at org.testng.Assert.failNotEquals(Assert.java:1590)
at org.testng.Assert.assertEqualsImpl(Assert.java:150)
at org.testng.Assert.assertEquals(Assert.java:132)
at org.testng.Assert.assertEquals(Assert.java:1431)
at org.testng.Assert.assertEquals(Assert.java:1395)
at stepDefinitions.userLoginStepDef.user_recieves_created_with_response_body(userLoginStepDef.java:68)
at ✽.User recieves 200 created with response body(file:///C:/Users/rakhy/eclipse-workspace-new/Team2_DietNinjas_RestAssured/src/test/resources/features/03DieticianLogin/DieticianLogin.feature:7)
]]>
    </failure>
  </testcase> <!-- runScenario -->
  <testcase classname="io.cucumber.testng.AbstractTestNGCucumberTests" name="runScenario" time="0.431"/>
</testsuite> <!-- Default test -->
