<?xml version="1.0" encoding="UTF-8"?>
<!-- Generated by org.testng.reporters.JUnitReportReporter -->
<testsuite hostname="SumathiLaptop" failures="1" tests="13" name="runner.testRunner" time="5.964" errors="1" timestamp="2025-08-02T21:41:43 CDT" skipped="0">
  <testcase classname="runner.testRunner" name="runScenario" time="0.017">
    <error message="Token not set from login. Make sure login scenario runs before this." type="java.lang.RuntimeException">
      <![CDATA[java.lang.RuntimeException: Token not set from login. Make sure login scenario runs before this.
at stepDefinitions.DieticianStepDef.set_admin_bearer_token(DieticianStepDef.java:30)
at ✽.Set admin bearer token(file:///C:/Users/rakhy/eclipse-workspace-new/Team2_DietNinjas_RestAssured/src/test/resources/features/02POST_createDietician.feature:5)
]]>
    </error>
  </testcase> <!-- runScenario -->
  <testcase classname="runner.testRunner" name="runScenario" time="0.272"/>
  <testcase classname="runner.testRunner" name="runScenario" time="0.297">
    <failure message="Status code mismatch expected [200] but found [401]" type="java.lang.AssertionError">
      <![CDATA[java.lang.AssertionError: Status code mismatch expected [200] but found [401]
at org.testng.Assert.fail(Assert.java:111)
at org.testng.Assert.failNotEquals(Assert.java:1590)
at org.testng.Assert.assertEqualsImpl(Assert.java:150)
at org.testng.Assert.assertEquals(Assert.java:132)
at org.testng.Assert.assertEquals(Assert.java:1431)
at org.testng.Assert.assertEquals(Assert.java:1395)
at stepDefinitions.userLoginStepDef.user_recieves_created_with_response_body(userLoginStepDef.java:68)
at ✽.User recieves 200 created with response body(file:///C:/Users/rakhy/eclipse-workspace-new/Team2_DietNinjas_RestAssured/src/test/resources/features/03DieticianLogin/DieticianLogin.feature:7)
]]>
    </failure>
  </testcase> <!-- runScenario -->
  <testcase classname="runner.testRunner" name="runScenario" time="0.336"/>
  <testcase classname="runner.testRunner" name="runScenario" time="0.287"/>
  <testcase classname="runner.testRunner" name="runScenario" time="0.372"/>
  <testcase classname="runner.testRunner" name="runScenario" time="2.321"/>
  <testcase classname="runner.testRunner" name="runScenario" time="0.431"/>
  <testcase classname="runner.testRunner" name="runScenario" time="0.398"/>
  <testcase classname="runner.testRunner" name="runScenario" time="0.382"/>
  <testcase classname="runner.testRunner" name="runScenario" time="0.286"/>
  <testcase classname="runner.testRunner" name="runScenario" time="0.283"/>
  <testcase classname="runner.testRunner" name="runScenario" time="0.282"/>
</testsuite> <!-- runner.testRunner -->
